Determining if the pthread_create exist failed with the following output:
Change Dir: /home/alex/final_project_ws/build/CMakeFiles/CMakeTmp

Run Build Command:"/usr/bin/make" "cmTC_6637f/fast"
/usr/bin/make -f CMakeFiles/cmTC_6637f.dir/build.make CMakeFiles/cmTC_6637f.dir/build
make[1]: Entering directory '/home/alex/final_project_ws/build/CMakeFiles/CMakeTmp'
Building C object CMakeFiles/cmTC_6637f.dir/CheckSymbolExists.c.o
/usr/bin/cc    -o CMakeFiles/cmTC_6637f.dir/CheckSymbolExists.c.o   -c /home/alex/final_project_ws/build/CMakeFiles/CMakeTmp/CheckSymbolExists.c
Linking C executable cmTC_6637f
/usr/bin/cmake -E cmake_link_script CMakeFiles/cmTC_6637f.dir/link.txt --verbose=1
/usr/bin/cc      -rdynamic CMakeFiles/cmTC_6637f.dir/CheckSymbolExists.c.o  -o cmTC_6637f 
CMakeFiles/cmTC_6637f.dir/CheckSymbolExists.c.o: In function `main':
CheckSymbolExists.c:(.text+0x1b): undefined reference to `pthread_create'
collect2: error: ld returned 1 exit status
CMakeFiles/cmTC_6637f.dir/build.make:97: recipe for target 'cmTC_6637f' failed
make[1]: *** [cmTC_6637f] Error 1
make[1]: Leaving directory '/home/alex/final_project_ws/build/CMakeFiles/CMakeTmp'
Makefile:126: recipe for target 'cmTC_6637f/fast' failed
make: *** [cmTC_6637f/fast] Error 2

File /home/alex/final_project_ws/build/CMakeFiles/CMakeTmp/CheckSymbolExists.c:
/* */
#include <pthread.h>

int main(int argc, char** argv)
{
  (void)argv;
#ifndef pthread_create
  return ((int*)(&pthread_create))[argc];
#else
  (void)argc;
  return 0;
#endif
}

Determining if the function pthread_create exists in the pthreads failed with the following output:
Change Dir: /home/alex/final_project_ws/build/CMakeFiles/CMakeTmp

Run Build Command:"/usr/bin/make" "cmTC_39a72/fast"
/usr/bin/make -f CMakeFiles/cmTC_39a72.dir/build.make CMakeFiles/cmTC_39a72.dir/build
make[1]: Entering directory '/home/alex/final_project_ws/build/CMakeFiles/CMakeTmp'
Building C object CMakeFiles/cmTC_39a72.dir/CheckFunctionExists.c.o
/usr/bin/cc   -DCHECK_FUNCTION_EXISTS=pthread_create   -o CMakeFiles/cmTC_39a72.dir/CheckFunctionExists.c.o   -c /usr/share/cmake-3.10/Modules/CheckFunctionExists.c
Linking C executable cmTC_39a72
/usr/bin/cmake -E cmake_link_script CMakeFiles/cmTC_39a72.dir/link.txt --verbose=1
/usr/bin/cc  -DCHECK_FUNCTION_EXISTS=pthread_create    -rdynamic CMakeFiles/cmTC_39a72.dir/CheckFunctionExists.c.o  -o cmTC_39a72 -lpthreads 
/usr/bin/ld: cannot find -lpthreads
collect2: error: ld returned 1 exit status
CMakeFiles/cmTC_39a72.dir/build.make:97: recipe for target 'cmTC_39a72' failed
make[1]: *** [cmTC_39a72] Error 1
make[1]: Leaving directory '/home/alex/final_project_ws/build/CMakeFiles/CMakeTmp'
Makefile:126: recipe for target 'cmTC_39a72/fast' failed
make: *** [cmTC_39a72/fast] Error 2


